# JRE version: Java(TM) SE Runtime Environment (8.0_201-b09) (build 1.8.0_201-b09)
# Java VM: Java HotSpot(TM) 64-Bit Server VM (25.201-b09 mixed mode windows-amd64 compressed oops)
Heap:
 PSYoungGen      total 138240K, used 72327K [0x00000000d5e00000, 0x00000000e2f80000, 0x0000000100000000)
  eden space 129024K, 56% used [0x00000000d5e00000,0x00000000da4a1e90,0x00000000ddc00000)
  from space 9216K, 0% used [0x00000000ddc00000,0x00000000ddc00000,0x00000000de500000)
  to   space 10240K, 0% used [0x00000000e2580000,0x00000000e2580000,0x00000000e2f80000)
 ParOldGen       total 107008K, used 40875K [0x0000000081a00000, 0x0000000088280000, 0x00000000d5e00000)
  object space 107008K, 38% used [0x0000000081a00000,0x00000000841eac50,0x0000000088280000)
 Metaspace       used 28293K, capacity 28614K, committed 29056K, reserved 1075200K
  class space    used 3495K, capacity 3594K, committed 3712K, reserved 1048576K
GC Heap History (10 events):
Event: 3.270 GC heap before
{Heap before GC invocations=5 (full 0):
 PSYoungGen      total 71680K, used 9966K [0x00000000d5e00000, 0x00000000da900000, 0x0000000100000000)
  eden space 66560K, 7% used [0x00000000d5e00000,0x00000000d62c38f8,0x00000000d9f00000)
  from space 5120K, 99% used [0x00000000da400000,0x00000000da8f8020,0x00000000da900000)
  to   space 5120K, 0% used [0x00000000d9f00000,0x00000000d9f00000,0x00000000da400000)
 ParOldGen       total 87552K, used 2298K [0x0000000081a00000, 0x0000000086f80000, 0x00000000d5e00000)
  object space 87552K, 2% used [0x0000000081a00000,0x0000000081c3eb20,0x0000000086f80000)
 Metaspace       used 20724K, capacity 21016K, committed 21248K, reserved 1067008K
  class space    used 2639K, capacity 2753K, committed 2816K, reserved 1048576K
Event: 3.295 GC heap after
Heap after GC invocations=5 (full 0):
 PSYoungGen      total 71680K, used 5091K [0x00000000d5e00000, 0x00000000dee00000, 0x0000000100000000)
  eden space 66560K, 0% used [0x00000000d5e00000,0x00000000d5e00000,0x00000000d9f00000)
  from space 5120K, 99% used [0x00000000d9f00000,0x00000000da3f8ca0,0x00000000da400000)
  to   space 7168K, 0% used [0x00000000de700000,0x00000000de700000,0x00000000dee00000)
 ParOldGen       total 87552K, used 2648K [0x0000000081a00000, 0x0000000086f80000, 0x00000000d5e00000)
  object space 87552K, 3% used [0x0000000081a00000,0x0000000081c96160,0x0000000086f80000)
 Metaspace       used 20724K, capacity 21016K, committed 21248K, reserved 1067008K
  class space    used 2639K, capacity 2753K, committed 2816K, reserved 1048576K
}
Event: 3.295 GC heap before
{Heap before GC invocations=6 (full 1):
 PSYoungGen      total 71680K, used 5091K [0x00000000d5e00000, 0x00000000dee00000, 0x0000000100000000)
  eden space 66560K, 0% used [0x00000000d5e00000,0x00000000d5e00000,0x00000000d9f00000)
  from space 5120K, 99% used [0x00000000d9f00000,0x00000000da3f8ca0,0x00000000da400000)
  to   space 7168K, 0% used [0x00000000de700000,0x00000000de700000,0x00000000dee00000)
 ParOldGen       total 87552K, used 2648K [0x0000000081a00000, 0x0000000086f80000, 0x00000000d5e00000)
  object space 87552K, 3% used [0x0000000081a00000,0x0000000081c96160,0x0000000086f80000)
 Metaspace       used 20724K, capacity 21016K, committed 21248K, reserved 1067008K
  class space    used 2639K, capacity 2753K, committed 2816K, reserved 1048576K
Event: 3.354 GC heap after
Heap after GC invocations=6 (full 1):
 PSYoungGen      total 71680K, used 0K [0x00000000d5e00000, 0x00000000dee00000, 0x0000000100000000)
  eden space 66560K, 0% used [0x00000000d5e00000,0x00000000d5e00000,0x00000000d9f00000)
  from space 5120K, 0% used [0x00000000d9f00000,0x00000000d9f00000,0x00000000da400000)
  to   space 7168K, 0% used [0x00000000de700000,0x00000000de700000,0x00000000dee00000)
 ParOldGen       total 48128K, used 5590K [0x0000000081a00000, 0x0000000084900000, 0x00000000d5e00000)
  object space 48128K, 11% used [0x0000000081a00000,0x0000000081f759c8,0x0000000084900000)
 Metaspace       used 20724K, capacity 21016K, committed 21248K, reserved 1067008K
  class space    used 2639K, capacity 2753K, committed 2816K, reserved 1048576K
}
Event: 5.425 GC heap before
{Heap before GC invocations=7 (full 1):
 PSYoungGen      total 71680K, used 66560K [0x00000000d5e00000, 0x00000000dee00000, 0x0000000100000000)
  eden space 66560K, 100% used [0x00000000d5e00000,0x00000000d9f00000,0x00000000d9f00000)
  from space 5120K, 0% used [0x00000000d9f00000,0x00000000d9f00000,0x00000000da400000)
  to   space 7168K, 0% used [0x00000000de700000,0x00000000de700000,0x00000000dee00000)
 ParOldGen       total 48128K, used 5590K [0x0000000081a00000, 0x0000000084900000, 0x00000000d5e00000)
  object space 48128K, 11% used [0x0000000081a00000,0x0000000081f759c8,0x0000000084900000)
 Metaspace       used 25504K, capacity 25824K, committed 26240K, reserved 1073152K
  class space    used 3278K, capacity 3369K, committed 3456K, reserved 1048576K
Event: 5.438 GC heap after
Heap after GC invocations=7 (full 1):
 PSYoungGen      total 122880K, used 7157K [0x00000000d5e00000, 0x00000000dee00000, 0x0000000100000000)
  eden space 115712K, 0% used [0x00000000d5e00000,0x00000000d5e00000,0x00000000dcf00000)
  from space 7168K, 99% used [0x00000000de700000,0x00000000dedfd6d0,0x00000000dee00000)
  to   space 9216K, 0% used [0x00000000ddc00000,0x00000000ddc00000,0x00000000de500000)
 ParOldGen       total 48128K, used 7473K [0x0000000081a00000, 0x0000000084900000, 0x00000000d5e00000)
  object space 48128K, 15% used [0x0000000081a00000,0x000000008214c540,0x0000000084900000)
 Metaspace       used 25504K, capacity 25824K, committed 26240K, reserved 1073152K
  class space    used 3278K, capacity 3369K, committed 3456K, reserved 1048576K
}
Event: 108.673 GC heap before
{Heap before GC invocations=8 (full 1):
 PSYoungGen      total 122880K, used 122869K [0x00000000d5e00000, 0x00000000dee00000, 0x0000000100000000)
  eden space 115712K, 100% used [0x00000000d5e00000,0x00000000dcf00000,0x00000000dcf00000)
  from space 7168K, 99% used [0x00000000de700000,0x00000000dedfd6d0,0x00000000dee00000)
  to   space 9216K, 0% used [0x00000000ddc00000,0x00000000ddc00000,0x00000000de500000)
 ParOldGen       total 48128K, used 7473K [0x0000000081a00000, 0x0000000084900000, 0x00000000d5e00000)
  object space 48128K, 15% used [0x0000000081a00000,0x000000008214c540,0x0000000084900000)
 Metaspace       used 27844K, capacity 28134K, committed 28672K, reserved 1075200K
  class space    used 3421K, capacity 3498K, committed 3584K, reserved 1048576K
Event: 108.728 GC heap after
Heap after GC invocations=8 (full 1):
 PSYoungGen      total 138240K, used 8738K [0x00000000d5e00000, 0x00000000e2f80000, 0x0000000100000000)
  eden space 129024K, 0% used [0x00000000d5e00000,0x00000000d5e00000,0x00000000ddc00000)
  from space 9216K, 94% used [0x00000000ddc00000,0x00000000de488ae8,0x00000000de500000)
  to   space 10240K, 0% used [0x00000000e2580000,0x00000000e2580000,0x00000000e2f80000)
 ParOldGen       total 48128K, used 38318K [0x0000000081a00000, 0x0000000084900000, 0x00000000d5e00000)
  object space 48128K, 79% used [0x0000000081a00000,0x0000000083f6ba30,0x0000000084900000)
 Metaspace       used 27844K, capacity 28134K, committed 28672K, reserved 1075200K
  class space    used 3421K, capacity 3498K, committed 3584K, reserved 1048576K
}
Event: 108.728 GC heap before
{Heap before GC invocations=9 (full 2):
 PSYoungGen      total 138240K, used 8738K [0x00000000d5e00000, 0x00000000e2f80000, 0x0000000100000000)
  eden space 129024K, 0% used [0x00000000d5e00000,0x00000000d5e00000,0x00000000ddc00000)
  from space 9216K, 94% used [0x00000000ddc00000,0x00000000de488ae8,0x00000000de500000)
  to   space 10240K, 0% used [0x00000000e2580000,0x00000000e2580000,0x00000000e2f80000)
 ParOldGen       total 48128K, used 38318K [0x0000000081a00000, 0x0000000084900000, 0x00000000d5e00000)
  object space 48128K, 79% used [0x0000000081a00000,0x0000000083f6ba30,0x0000000084900000)
 Metaspace       used 27844K, capacity 28134K, committed 28672K, reserved 1075200K
  class space    used 3421K, capacity 3498K, committed 3584K, reserved 1048576K
Event: 108.787 GC heap after
Heap after GC invocations=9 (full 2):
 PSYoungGen      total 138240K, used 0K [0x00000000d5e00000, 0x00000000e2f80000, 0x0000000100000000)
  eden space 129024K, 0% used [0x00000000d5e00000,0x00000000d5e00000,0x00000000ddc00000)
  from space 9216K, 0% used [0x00000000ddc00000,0x00000000ddc00000,0x00000000de500000)
  to   space 10240K, 0% used [0x00000000e2580000,0x00000000e2580000,0x00000000e2f80000)
 ParOldGen       total 107008K, used 40875K [0x0000000081a00000, 0x0000000088280000, 0x00000000d5e00000)
  object space 107008K, 38% used [0x0000000081a00000,0x00000000841eac50,0x0000000088280000)
 Metaspace       used 27844K, capacity 28134K, committed 28672K, reserved 1075200K
  class space    used 3421K, capacity 3498K, committed 3584K, reserved 1048576K
}

